Arguments: 
  C:\Program Files\nodejs\node.exe C:\Program Files (x86)\Yarn\bin\yarn.js

PATH: 
  C:\Program Files (x86)\Common Files\Oracle\Java\javapath;C:\Program Files\Eclipse Adoptium\jdk-11.0.17.8-hotspot\bin;C:\Windows\system32;C:\Windows;C:\Windows\System32\Wbem;C:\Windows\System32\WindowsPowerShell\v1.0\;C:\Windows\System32\OpenSSH\;C:\ProgramData\chocolatey\bin;C:\ProgramData\nvm;C:\Program Files\nodejs;C:\Program Files\Git\cmd;C:\Program Files\GitHub CLI\;C:\Program Files\Microsoft SQL Server\150\Tools\Binn\;C:\Program Files\Microsoft SQL Server\Client SDK\ODBC\170\Tools\Binn\;C:\Program Files\dotnet\;C:\Program Files (x86)\Yarn\bin\;C:\Android\Sdk;C:\Android\Sdk\emulator;C:\Android\Sdk\tools;C:\Android\Sdk\tools\bin;C:\Android\Sdk\platform-tools;C:\Program Files (x86)\Microsoft SQL Server\150\DTS\Binn\;C:\Program Files\Azure Data Studio\bin;C:\Program Files\Docker\Docker\resources\bin;C:\Users\rodrigo.mendonca\AppData\Local\Programs\Python\Python311\Scripts\;C:\Users\rodrigo.mendonca\AppData\Local\Programs\Python\Python311\;C:\Users\rodrigo.mendonca\AppData\Local\Microsoft\WindowsApps;C:\Users\rodrigo.mendonca\AppData\Roaming\npm;C:\Users\rodrigo.mendonca\.dotnet\tools;C:\Users\rodrigo.mendonca\AppData\Local\Yarn\bin;C:\Users\rodrigo.mendonca\AppData\Local\Programs\Microsoft VS Code\bin;C:\Android\Sdk\emulator;C:\Android\Sdk\tools;C:\Android\Sdk\tools\bin;C:\Android\Sdk\platform-tools

Yarn version: 
  1.22.19

Node version: 
  16.17.0

Platform: 
  win32 x64

Trace: 
  SyntaxError: C:\Users\rodrigo.mendonca\projetos\personal\pokedex\package.json: Unexpected token < in JSON at position 1434
      at JSON.parse (<anonymous>)
      at C:\Program Files (x86)\Yarn\lib\cli.js:1629:59
      at Generator.next (<anonymous>)
      at step (C:\Program Files (x86)\Yarn\lib\cli.js:310:30)
      at C:\Program Files (x86)\Yarn\lib\cli.js:321:13

npm manifest: 
  {
    "name": "pokedex",
    "description": "A simple pokedex",
    "version": "1.0.0",
    "scripts": {
      "start": "expo start --dev-client",
      "android": "expo run:android",
      "ios": "expo run:ios",
      "web": "expo start --web",
      "eject": "expo eject"
    },
    "homepage": "https://expo.dev/@rodcordeiro/pokedex",
    "repository": {
      "type": "git",
      "url": "https://github.com/rodcordeiro/pokedex"
    },
    "author": "Rodrigo Cordeiro (rodrigomendoncca@gmail.com) <https://rodcordeiro.com.br>",
    "dependencies": {
      "@expo-google-fonts/pt-mono": "^0.2.2",
      "@expo-google-fonts/quicksand": "^0.2.2",
      "@expo/vector-icons": "^13.0.0",
      "@react-navigation/native": "6.1.2",
      "@react-navigation/stack": "6.3.11",
      "@unform/core": "2.1.6",
      "@unform/mobile": "2.1.6",
      "axios": "0.27.2",
      "expo": "~47.0.0",
      "expo-dev-client": "~2.0.0",
      "expo-font": "~11.0.0",
      "expo-splash-screen": "~0.17.0",
      "expo-sqlite": "~11.0.0",
      "expo-status-bar": "1.4.2",
      "expo-updates": "~0.15.0",
      "react": "18.0.0",
      "react-dom": "18.0.0",
      "react-native": "0.71.1",
      "react-native-gesture-handler": "2.9.0",
      "react-native-paper": "^5.1.0",
      "react-native-root-toast": "3.4.0",
      "react-native-safe-area-context": "4.5.0",
      "react-native-screens": "3.19.0",
      "react-native-svg": "12.5.0",
      "react-native-svg-transformer": "^1.0.0",
      "react-native-vector-icons": "9.2.0",
  <<<<<<< HEAD
      "react-native-web": "0.18.7",
      "styled-components": "5.3.5"
  =======
      "react-native-web": "0.18.10",
      "realm": "^11.2.0",
      "styled-components": "5.3.6"
  >>>>>>> e0a0857d7324eb33bb78d4b5c7a10fbc15cd5b77
    },
    "devDependencies": {
      "@babel/core": "7.20.12",
      "@types/react": "18.0.27",
      "@types/react-native": "0.71.0",
      "@types/react-native-vector-icons": "6.4.13",
      "@types/styled-components-react-native": "5.2.1",
      "typescript": "4.9.4"
    },
    "private": false
  }

yarn manifest: 
  No manifest

Lockfile: 
  No lockfile
